TACC:  Starting up job 9533185 
TACC:  Starting parallel tasks... 
The  time is: 0.000499 
TACC:  Shutdown complete. Exiting. 
TACC:  Starting up job 9533185 
TACC:  Starting parallel tasks... 
The  time is: 0.000056 
TACC:  Shutdown complete. Exiting. 
TACC:  Starting up job 9533185 
TACC:  Starting parallel tasks... 
The  time is: 0.000068 
TACC:  Shutdown complete. Exiting. 
TACC:  Starting up job 9533185 
TACC:  Starting parallel tasks... 
The  time is: 0.000051 
TACC:  Shutdown complete. Exiting. 
TACC:  Starting up job 9533185 
TACC:  Starting parallel tasks... 
The  time is: 0.000055 
TACC:  Shutdown complete. Exiting. 
TACC:  Starting up job 9533185 
TACC:  Starting parallel tasks... 
The  time is: 0.000054 
TACC:  Shutdown complete. Exiting. 
TACC:  Starting up job 9533185 
TACC:  Starting parallel tasks... 
The  time is: 0.000056 
TACC:  Shutdown complete. Exiting. 
TACC:  Starting up job 9533185 
TACC:  Starting parallel tasks... 
The  time is: 0.000049 
TACC:  Shutdown complete. Exiting. 
TACC:  Starting up job 9533185 
TACC:  Starting parallel tasks... 
The  time is: 0.000086 
TACC:  Shutdown complete. Exiting. 
TACC:  Starting up job 9533185 
TACC:  Starting parallel tasks... 
The  time is: 0.000056 
TACC:  Shutdown complete. Exiting. 
TACC:  Starting up job 9533185 
TACC:  Starting parallel tasks... 
The  time is: 0.000063 
TACC:  Shutdown complete. Exiting. 
TACC:  Starting up job 9533185 
TACC:  Starting parallel tasks... 
The  time is: 0.000057 
TACC:  Shutdown complete. Exiting. 
TACC:  Starting up job 9533185 
TACC:  Starting parallel tasks... 
The  time is: 0.000056 
TACC:  Shutdown complete. Exiting. 
TACC:  Starting up job 9533185 
TACC:  Starting parallel tasks... 
The  time is: 0.000057 
TACC:  Shutdown complete. Exiting. 
TACC:  Starting up job 9533185 
TACC:  Starting parallel tasks... 
The  time is: 0.000052 
TACC:  Shutdown complete. Exiting. 
TACC:  Starting up job 9533185 
TACC:  Starting parallel tasks... 
The  time is: 0.000065 
TACC:  Shutdown complete. Exiting. 
TACC:  Starting up job 9533185 
TACC:  Starting parallel tasks... 
The  time is: 0.000055 
TACC:  Shutdown complete. Exiting. 
TACC:  Starting up job 9533185 
TACC:  Starting parallel tasks... 
The  time is: 0.000049 
TACC:  Shutdown complete. Exiting. 
TACC:  Starting up job 9533185 
TACC:  Starting parallel tasks... 
The  time is: 0.000091 
TACC:  Shutdown complete. Exiting. 
TACC:  Starting up job 9533185 
TACC:  Starting parallel tasks... 
The  time is: 0.000049 
TACC:  Shutdown complete. Exiting. 
TACC:  Starting up job 9533185 
TACC:  Starting parallel tasks... 
The  time is: 0.000064 
TACC:  Shutdown complete. Exiting. 
TACC:  Starting up job 9533185 
TACC:  Starting parallel tasks... 
The  time is: 0.000065 
TACC:  Shutdown complete. Exiting. 
TACC:  Starting up job 9533185 
TACC:  Starting parallel tasks... 
The  time is: 0.000057 
TACC:  Shutdown complete. Exiting. 
TACC:  Starting up job 9533185 
TACC:  Starting parallel tasks... 
The  time is: 0.000057 
TACC:  Shutdown complete. Exiting. 
TACC:  Starting up job 9533185 
TACC:  Starting parallel tasks... 
The  time is: 0.000054 
TACC:  Shutdown complete. Exiting. 
TACC:  Starting up job 9533185 
TACC:  Starting parallel tasks... 
The  time is: 0.000065 
TACC:  Shutdown complete. Exiting. 
TACC:  Starting up job 9533185 
TACC:  Starting parallel tasks... 
The  time is: 0.000064 
TACC:  Shutdown complete. Exiting. 
TACC:  Starting up job 9533185 
TACC:  Starting parallel tasks... 
The  time is: 0.000061 
TACC:  Shutdown complete. Exiting. 
TACC:  Starting up job 9533185 
TACC:  Starting parallel tasks... 
The  time is: 0.000063 
TACC:  Shutdown complete. Exiting. 
TACC:  Starting up job 9533185 
TACC:  Starting parallel tasks... 
The  time is: 0.000056 
TACC:  Shutdown complete. Exiting. 
TACC:  Starting up job 9533185 
TACC:  Starting parallel tasks... 
The  time is: 0.000053 
TACC:  Shutdown complete. Exiting. 
TACC:  Starting up job 9533185 
TACC:  Starting parallel tasks... 
The  time is: 0.000054 
TACC:  Shutdown complete. Exiting. 
TACC:  Starting up job 9533185 
TACC:  Starting parallel tasks... 
The  time is: 0.000083 
TACC:  Shutdown complete. Exiting. 
TACC:  Starting up job 9533185 
TACC:  Starting parallel tasks... 
The  time is: 0.000055 
TACC:  Shutdown complete. Exiting. 
TACC:  Starting up job 9533185 
TACC:  Starting parallel tasks... 
The  time is: 0.000056 
TACC:  Shutdown complete. Exiting. 
TACC:  Starting up job 9533185 
TACC:  Starting parallel tasks... 
The  time is: 0.000055 
TACC:  Shutdown complete. Exiting. 
TACC:  Starting up job 9533185 
TACC:  Starting parallel tasks... 
The  time is: 0.000049 
TACC:  Shutdown complete. Exiting. 
TACC:  Starting up job 9533185 
TACC:  Starting parallel tasks... 
The  time is: 0.000050 
TACC:  Shutdown complete. Exiting. 
TACC:  Starting up job 9533185 
TACC:  Starting parallel tasks... 
The  time is: 0.000073 
TACC:  Shutdown complete. Exiting. 
TACC:  Starting up job 9533185 
TACC:  Starting parallel tasks... 
The  time is: 0.000063 
TACC:  Shutdown complete. Exiting. 
TACC:  Starting up job 9533185 
TACC:  Starting parallel tasks... 
The  time is: 0.000063 
TACC:  Shutdown complete. Exiting. 
TACC:  Starting up job 9533185 
TACC:  Starting parallel tasks... 
The  time is: 0.000049 
TACC:  Shutdown complete. Exiting. 
TACC:  Starting up job 9533185 
TACC:  Starting parallel tasks... 
The  time is: 0.000050 
TACC:  Shutdown complete. Exiting. 
TACC:  Starting up job 9533185 
TACC:  Starting parallel tasks... 
The  time is: 0.000061 
TACC:  Shutdown complete. Exiting. 
TACC:  Starting up job 9533185 
TACC:  Starting parallel tasks... 
The  time is: 0.000049 
TACC:  Shutdown complete. Exiting. 
TACC:  Starting up job 9533185 
TACC:  Starting parallel tasks... 
The  time is: 0.000049 
TACC:  Shutdown complete. Exiting. 
TACC:  Starting up job 9533185 
TACC:  Starting parallel tasks... 
The  time is: 0.000049 
TACC:  Shutdown complete. Exiting. 
TACC:  Starting up job 9533185 
TACC:  Starting parallel tasks... 
The  time is: 0.000055 
TACC:  Shutdown complete. Exiting. 
TACC:  Starting up job 9533185 
TACC:  Starting parallel tasks... 
The  time is: 0.000050 
TACC:  Shutdown complete. Exiting. 
TACC:  Starting up job 9533185 
TACC:  Starting parallel tasks... 
The  time is: 0.000075 
TACC:  Shutdown complete. Exiting. 
TACC:  Starting up job 9533185 
TACC:  Starting parallel tasks... 
The  time is: 0.000049 
TACC:  Shutdown complete. Exiting. 
TACC:  Starting up job 9533185 
TACC:  Starting parallel tasks... 
The  time is: 0.000063 
TACC:  Shutdown complete. Exiting. 
TACC:  Starting up job 9533185 
TACC:  Starting parallel tasks... 
The  time is: 0.000056 
TACC:  Shutdown complete. Exiting. 
TACC:  Starting up job 9533185 
TACC:  Starting parallel tasks... 
The  time is: 0.000056 
TACC:  Shutdown complete. Exiting. 
TACC:  Starting up job 9533185 
TACC:  Starting parallel tasks... 
The  time is: 0.000050 
TACC:  Shutdown complete. Exiting. 
TACC:  Starting up job 9533185 
TACC:  Starting parallel tasks... 
The  time is: 0.000048 
TACC:  Shutdown complete. Exiting. 
TACC:  Starting up job 9533185 
TACC:  Starting parallel tasks... 
The  time is: 0.000120 
TACC:  Shutdown complete. Exiting. 
TACC:  Starting up job 9533185 
TACC:  Starting parallel tasks... 
The  time is: 0.000055 
TACC:  Shutdown complete. Exiting. 
TACC:  Starting up job 9533185 
TACC:  Starting parallel tasks... 
The  time is: 0.000049 
TACC:  Shutdown complete. Exiting. 
TACC:  Starting up job 9533185 
TACC:  Starting parallel tasks... 
The  time is: 0.000066 
TACC:  Shutdown complete. Exiting. 
TACC:  Starting up job 9533185 
TACC:  Starting parallel tasks... 
The  time is: 0.000057 
TACC:  Shutdown complete. Exiting. 
TACC:  Starting up job 9533185 
TACC:  Starting parallel tasks... 
The  time is: 0.000050 
TACC:  Shutdown complete. Exiting. 
TACC:  Starting up job 9533185 
TACC:  Starting parallel tasks... 
The  time is: 0.000049 
TACC:  Shutdown complete. Exiting. 
TACC:  Starting up job 9533185 
TACC:  Starting parallel tasks... 
The  time is: 0.000055 
TACC:  Shutdown complete. Exiting. 
TACC:  Starting up job 9533185 
TACC:  Starting parallel tasks... 
The  time is: 0.000049 
TACC:  Shutdown complete. Exiting. 
TACC:  Starting up job 9533185 
TACC:  Starting parallel tasks... 
The  time is: 0.000056 
TACC:  Shutdown complete. Exiting. 
TACC:  Starting up job 9533185 
TACC:  Starting parallel tasks... 
The  time is: 0.000057 
TACC:  Shutdown complete. Exiting. 
TACC:  Starting up job 9533185 
TACC:  Starting parallel tasks... 
The  time is: 0.000057 
TACC:  Shutdown complete. Exiting. 
TACC:  Starting up job 9533185 
TACC:  Starting parallel tasks... 
The  time is: 0.000054 
TACC:  Shutdown complete. Exiting. 
TACC:  Starting up job 9533185 
TACC:  Starting parallel tasks... 
The  time is: 0.000095 
TACC:  Shutdown complete. Exiting. 
TACC:  Starting up job 9533185 
TACC:  Starting parallel tasks... 
The  time is: 0.000050 
TACC:  Shutdown complete. Exiting. 
TACC:  Starting up job 9533185 
TACC:  Starting parallel tasks... 
The  time is: 0.000049 
TACC:  Shutdown complete. Exiting. 
TACC:  Starting up job 9533185 
TACC:  Starting parallel tasks... 
The  time is: 0.000064 
TACC:  Shutdown complete. Exiting. 
TACC:  Starting up job 9533185 
TACC:  Starting parallel tasks... 
The  time is: 0.000064 
TACC:  Shutdown complete. Exiting. 
TACC:  Starting up job 9533185 
TACC:  Starting parallel tasks... 
The  time is: 0.000049 
TACC:  Shutdown complete. Exiting. 
TACC:  Starting up job 9533185 
TACC:  Starting parallel tasks... 
The  time is: 0.000049 
TACC:  Shutdown complete. Exiting. 
TACC:  Starting up job 9533185 
TACC:  Starting parallel tasks... 
The  time is: 0.000050 
TACC:  Shutdown complete. Exiting. 
TACC:  Starting up job 9533185 
TACC:  Starting parallel tasks... 
The  time is: 0.000049 
TACC:  Shutdown complete. Exiting. 
TACC:  Starting up job 9533185 
TACC:  Starting parallel tasks... 
The  time is: 0.000100 
TACC:  Shutdown complete. Exiting. 
TACC:  Starting up job 9533185 
TACC:  Starting parallel tasks... 
The  time is: 0.000064 
TACC:  Shutdown complete. Exiting. 
TACC:  Starting up job 9533185 
TACC:  Starting parallel tasks... 
The  time is: 0.000058 
TACC:  Shutdown complete. Exiting. 
TACC:  Starting up job 9533185 
TACC:  Starting parallel tasks... 
The  time is: 0.000057 
TACC:  Shutdown complete. Exiting. 
TACC:  Starting up job 9533185 
TACC:  Starting parallel tasks... 
The  time is: 0.000057 
TACC:  Shutdown complete. Exiting. 
TACC:  Starting up job 9533185 
TACC:  Starting parallel tasks... 
The  time is: 0.000049 
TACC:  Shutdown complete. Exiting. 
TACC:  Starting up job 9533185 
TACC:  Starting parallel tasks... 
The  time is: 0.000080 
TACC:  Shutdown complete. Exiting. 
TACC:  Starting up job 9533185 
TACC:  Starting parallel tasks... 
The  time is: 0.000062 
TACC:  Shutdown complete. Exiting. 
TACC:  Starting up job 9533185 
TACC:  Starting parallel tasks... 
The  time is: 0.000049 
TACC:  Shutdown complete. Exiting. 
TACC:  Starting up job 9533185 
TACC:  Starting parallel tasks... 
The  time is: 0.000065 
TACC:  Shutdown complete. Exiting. 
TACC:  Starting up job 9533185 
TACC:  Starting parallel tasks... 
The  time is: 0.000062 
TACC:  Shutdown complete. Exiting. 
TACC:  Starting up job 9533185 
TACC:  Starting parallel tasks... 
The  time is: 0.000055 
TACC:  Shutdown complete. Exiting. 
TACC:  Starting up job 9533185 
TACC:  Starting parallel tasks... 
The  time is: 0.000060 
TACC:  Shutdown complete. Exiting. 
TACC:  Starting up job 9533185 
TACC:  Starting parallel tasks... 
The  time is: 0.000058 
TACC:  Shutdown complete. Exiting. 
TACC:  Starting up job 9533185 
TACC:  Starting parallel tasks... 
The  time is: 0.000056 
TACC:  Shutdown complete. Exiting. 
TACC:  Starting up job 9533185 
TACC:  Starting parallel tasks... 
The  time is: 0.000057 
TACC:  Shutdown complete. Exiting. 
TACC:  Starting up job 9533185 
TACC:  Starting parallel tasks... 
The  time is: 0.000057 
TACC:  Shutdown complete. Exiting. 
TACC:  Starting up job 9533185 
TACC:  Starting parallel tasks... 
The  time is: 0.000050 
TACC:  Shutdown complete. Exiting. 
TACC:  Starting up job 9533185 
TACC:  Starting parallel tasks... 
The  time is: 0.000059 
TACC:  Shutdown complete. Exiting. 
TACC:  Starting up job 9533185 
TACC:  Starting parallel tasks... 
The  time is: 0.000063 
TACC:  Shutdown complete. Exiting. 
TACC:  Starting up job 9533185 
TACC:  Starting parallel tasks... 
The  time is: 0.000068 
TACC:  Shutdown complete. Exiting. 
TACC:  Starting up job 9533185 
TACC:  Starting parallel tasks... 
The  time is: 0.000048 
TACC:  Shutdown complete. Exiting. 
--------------------------
TACC:  Starting up job 9533185 
TACC:  Starting parallel tasks... 
The  time is: 0.000119 
TACC:  Shutdown complete. Exiting. 
TACC:  Starting up job 9533185 
TACC:  Starting parallel tasks... 
The  time is: 0.000116 
TACC:  Shutdown complete. Exiting. 
TACC:  Starting up job 9533185 
TACC:  Starting parallel tasks... 
The  time is: 0.000115 
TACC:  Shutdown complete. Exiting. 
TACC:  Starting up job 9533185 
TACC:  Starting parallel tasks... 
The  time is: 0.000117 
TACC:  Shutdown complete. Exiting. 
TACC:  Starting up job 9533185 
TACC:  Starting parallel tasks... 
The  time is: 0.000106 
TACC:  Shutdown complete. Exiting. 
TACC:  Starting up job 9533185 
TACC:  Starting parallel tasks... 
The  time is: 0.000124 
TACC:  Shutdown complete. Exiting. 
TACC:  Starting up job 9533185 
TACC:  Starting parallel tasks... 
The  time is: 0.000154 
TACC:  Shutdown complete. Exiting. 
TACC:  Starting up job 9533185 
TACC:  Starting parallel tasks... 
The  time is: 0.000115 
TACC:  Shutdown complete. Exiting. 
TACC:  Starting up job 9533185 
TACC:  Starting parallel tasks... 
The  time is: 0.000107 
TACC:  Shutdown complete. Exiting. 
TACC:  Starting up job 9533185 
TACC:  Starting parallel tasks... 
The  time is: 0.000132 
TACC:  Shutdown complete. Exiting. 
TACC:  Starting up job 9533185 
TACC:  Starting parallel tasks... 
The  time is: 0.000118 
TACC:  Shutdown complete. Exiting. 
TACC:  Starting up job 9533185 
TACC:  Starting parallel tasks... 
The  time is: 0.000111 
TACC:  Shutdown complete. Exiting. 
TACC:  Starting up job 9533185 
TACC:  Starting parallel tasks... 
The  time is: 0.000138 
TACC:  Shutdown complete. Exiting. 
TACC:  Starting up job 9533185 
TACC:  Starting parallel tasks... 
The  time is: 0.000109 
TACC:  Shutdown complete. Exiting. 
TACC:  Starting up job 9533185 
TACC:  Starting parallel tasks... 
The  time is: 0.000110 
TACC:  Shutdown complete. Exiting. 
TACC:  Starting up job 9533185 
TACC:  Starting parallel tasks... 
The  time is: 0.000125 
TACC:  Shutdown complete. Exiting. 
TACC:  Starting up job 9533185 
TACC:  Starting parallel tasks... 
The  time is: 0.000109 
TACC:  Shutdown complete. Exiting. 
TACC:  Starting up job 9533185 
TACC:  Starting parallel tasks... 
The  time is: 0.000121 
TACC:  Shutdown complete. Exiting. 
TACC:  Starting up job 9533185 
TACC:  Starting parallel tasks... 
The  time is: 0.000112 
TACC:  Shutdown complete. Exiting. 
TACC:  Starting up job 9533185 
TACC:  Starting parallel tasks... 
The  time is: 0.000118 
TACC:  Shutdown complete. Exiting. 
TACC:  Starting up job 9533185 
TACC:  Starting parallel tasks... 
The  time is: 0.000111 
TACC:  Shutdown complete. Exiting. 
TACC:  Starting up job 9533185 
TACC:  Starting parallel tasks... 
The  time is: 0.000126 
TACC:  Shutdown complete. Exiting. 
TACC:  Starting up job 9533185 
TACC:  Starting parallel tasks... 
The  time is: 0.000119 
TACC:  Shutdown complete. Exiting. 
TACC:  Starting up job 9533185 
TACC:  Starting parallel tasks... 
The  time is: 0.000118 
TACC:  Shutdown complete. Exiting. 
TACC:  Starting up job 9533185 
TACC:  Starting parallel tasks... 
The  time is: 0.000118 
TACC:  Shutdown complete. Exiting. 
TACC:  Starting up job 9533185 
TACC:  Starting parallel tasks... 
The  time is: 0.000109 
TACC:  Shutdown complete. Exiting. 
TACC:  Starting up job 9533185 
TACC:  Starting parallel tasks... 
The  time is: 0.000110 
TACC:  Shutdown complete. Exiting. 
TACC:  Starting up job 9533185 
TACC:  Starting parallel tasks... 
The  time is: 0.000128 
TACC:  Shutdown complete. Exiting. 
TACC:  Starting up job 9533185 
TACC:  Starting parallel tasks... 
The  time is: 0.000122 
TACC:  Shutdown complete. Exiting. 
TACC:  Starting up job 9533185 
TACC:  Starting parallel tasks... 
The  time is: 0.000140 
TACC:  Shutdown complete. Exiting. 
TACC:  Starting up job 9533185 
TACC:  Starting parallel tasks... 
The  time is: 0.000113 
TACC:  Shutdown complete. Exiting. 
TACC:  Starting up job 9533185 
TACC:  Starting parallel tasks... 
The  time is: 0.000150 
TACC:  Shutdown complete. Exiting. 
TACC:  Starting up job 9533185 
TACC:  Starting parallel tasks... 
The  time is: 0.000162 
TACC:  Shutdown complete. Exiting. 
TACC:  Starting up job 9533185 
TACC:  Starting parallel tasks... 
The  time is: 0.000134 
TACC:  Shutdown complete. Exiting. 
TACC:  Starting up job 9533185 
TACC:  Starting parallel tasks... 
The  time is: 0.000145 
TACC:  Shutdown complete. Exiting. 
TACC:  Starting up job 9533185 
TACC:  Starting parallel tasks... 
The  time is: 0.000131 
TACC:  Shutdown complete. Exiting. 
TACC:  Starting up job 9533185 
TACC:  Starting parallel tasks... 
The  time is: 0.000113 
TACC:  Shutdown complete. Exiting. 
TACC:  Starting up job 9533185 
TACC:  Starting parallel tasks... 
The  time is: 0.000116 
TACC:  Shutdown complete. Exiting. 
TACC:  Starting up job 9533185 
TACC:  Starting parallel tasks... 
The  time is: 0.000144 
TACC:  Shutdown complete. Exiting. 
TACC:  Starting up job 9533185 
TACC:  Starting parallel tasks... 
The  time is: 0.000115 
TACC:  Shutdown complete. Exiting. 
TACC:  Starting up job 9533185 
TACC:  Starting parallel tasks... 
The  time is: 0.000133 
TACC:  Shutdown complete. Exiting. 
TACC:  Starting up job 9533185 
TACC:  Starting parallel tasks... 
The  time is: 0.000102 
TACC:  Shutdown complete. Exiting. 
TACC:  Starting up job 9533185 
TACC:  Starting parallel tasks... 
The  time is: 0.000147 
TACC:  Shutdown complete. Exiting. 
TACC:  Starting up job 9533185 
TACC:  Starting parallel tasks... 
The  time is: 0.000118 
TACC:  Shutdown complete. Exiting. 
TACC:  Starting up job 9533185 
TACC:  Starting parallel tasks... 
The  time is: 0.000115 
TACC:  Shutdown complete. Exiting. 
TACC:  Starting up job 9533185 
TACC:  Starting parallel tasks... 
The  time is: 0.000158 
TACC:  Shutdown complete. Exiting. 
TACC:  Starting up job 9533185 
TACC:  Starting parallel tasks... 
The  time is: 0.000115 
TACC:  Shutdown complete. Exiting. 
TACC:  Starting up job 9533185 
TACC:  Starting parallel tasks... 
The  time is: 0.000110 
TACC:  Shutdown complete. Exiting. 
TACC:  Starting up job 9533185 
TACC:  Starting parallel tasks... 
The  time is: 0.000118 
TACC:  Shutdown complete. Exiting. 
TACC:  Starting up job 9533185 
TACC:  Starting parallel tasks... 
The  time is: 0.000121 
TACC:  Shutdown complete. Exiting. 
TACC:  Starting up job 9533185 
TACC:  Starting parallel tasks... 
The  time is: 0.000103 
TACC:  Shutdown complete. Exiting. 
TACC:  Starting up job 9533185 
TACC:  Starting parallel tasks... 
The  time is: 0.000114 
TACC:  Shutdown complete. Exiting. 
TACC:  Starting up job 9533185 
TACC:  Starting parallel tasks... 
The  time is: 0.000114 
TACC:  Shutdown complete. Exiting. 
TACC:  Starting up job 9533185 
TACC:  Starting parallel tasks... 
The  time is: 0.000113 
TACC:  Shutdown complete. Exiting. 
TACC:  Starting up job 9533185 
TACC:  Starting parallel tasks... 
The  time is: 0.000117 
TACC:  Shutdown complete. Exiting. 
TACC:  Starting up job 9533185 
TACC:  Starting parallel tasks... 
The  time is: 0.000111 
TACC:  Shutdown complete. Exiting. 
TACC:  Starting up job 9533185 
TACC:  Starting parallel tasks... 
The  time is: 0.000113 
TACC:  Shutdown complete. Exiting. 
TACC:  Starting up job 9533185 
TACC:  Starting parallel tasks... 
The  time is: 0.000136 
TACC:  Shutdown complete. Exiting. 
TACC:  Starting up job 9533185 
TACC:  Starting parallel tasks... 
The  time is: 0.000109 
TACC:  Shutdown complete. Exiting. 
TACC:  Starting up job 9533185 
TACC:  Starting parallel tasks... 
The  time is: 0.000113 
TACC:  Shutdown complete. Exiting. 
TACC:  Starting up job 9533185 
TACC:  Starting parallel tasks... 
The  time is: 0.000133 
TACC:  Shutdown complete. Exiting. 
TACC:  Starting up job 9533185 
TACC:  Starting parallel tasks... 
The  time is: 0.000113 
TACC:  Shutdown complete. Exiting. 
TACC:  Starting up job 9533185 
TACC:  Starting parallel tasks... 
The  time is: 0.000103 
TACC:  Shutdown complete. Exiting. 
TACC:  Starting up job 9533185 
TACC:  Starting parallel tasks... 
The  time is: 0.000130 
TACC:  Shutdown complete. Exiting. 
TACC:  Starting up job 9533185 
TACC:  Starting parallel tasks... 
The  time is: 0.000108 
TACC:  Shutdown complete. Exiting. 
TACC:  Starting up job 9533185 
TACC:  Starting parallel tasks... 
The  time is: 0.000113 
TACC:  Shutdown complete. Exiting. 
TACC:  Starting up job 9533185 
TACC:  Starting parallel tasks... 
The  time is: 0.000115 
TACC:  Shutdown complete. Exiting. 
TACC:  Starting up job 9533185 
TACC:  Starting parallel tasks... 
The  time is: 0.000103 
TACC:  Shutdown complete. Exiting. 
TACC:  Starting up job 9533185 
TACC:  Starting parallel tasks... 
The  time is: 0.000115 
TACC:  Shutdown complete. Exiting. 
TACC:  Starting up job 9533185 
TACC:  Starting parallel tasks... 
The  time is: 0.000130 
TACC:  Shutdown complete. Exiting. 
TACC:  Starting up job 9533185 
TACC:  Starting parallel tasks... 
The  time is: 0.000145 
TACC:  Shutdown complete. Exiting. 
TACC:  Starting up job 9533185 
TACC:  Starting parallel tasks... 
The  time is: 0.000157 
TACC:  Shutdown complete. Exiting. 
TACC:  Starting up job 9533185 
TACC:  Starting parallel tasks... 
The  time is: 0.000133 
TACC:  Shutdown complete. Exiting. 
TACC:  Starting up job 9533185 
TACC:  Starting parallel tasks... 
The  time is: 0.000122 
TACC:  Shutdown complete. Exiting. 
TACC:  Starting up job 9533185 
TACC:  Starting parallel tasks... 
The  time is: 0.000108 
TACC:  Shutdown complete. Exiting. 
TACC:  Starting up job 9533185 
TACC:  Starting parallel tasks... 
The  time is: 0.000105 
TACC:  Shutdown complete. Exiting. 
TACC:  Starting up job 9533185 
TACC:  Starting parallel tasks... 
The  time is: 0.000155 
TACC:  Shutdown complete. Exiting. 
TACC:  Starting up job 9533185 
TACC:  Starting parallel tasks... 
The  time is: 0.000115 
TACC:  Shutdown complete. Exiting. 
TACC:  Starting up job 9533185 
TACC:  Starting parallel tasks... 
The  time is: 0.000108 
TACC:  Shutdown complete. Exiting. 
TACC:  Starting up job 9533185 
TACC:  Starting parallel tasks... 
The  time is: 0.000115 
TACC:  Shutdown complete. Exiting. 
TACC:  Starting up job 9533185 
TACC:  Starting parallel tasks... 
The  time is: 0.000103 
TACC:  Shutdown complete. Exiting. 
TACC:  Starting up job 9533185 
TACC:  Starting parallel tasks... 
The  time is: 0.000114 
TACC:  Shutdown complete. Exiting. 
TACC:  Starting up job 9533185 
TACC:  Starting parallel tasks... 
The  time is: 0.000118 
TACC:  Shutdown complete. Exiting. 
TACC:  Starting up job 9533185 
TACC:  Starting parallel tasks... 
The  time is: 0.000113 
TACC:  Shutdown complete. Exiting. 
TACC:  Starting up job 9533185 
TACC:  Starting parallel tasks... 
The  time is: 0.000111 
TACC:  Shutdown complete. Exiting. 
TACC:  Starting up job 9533185 
TACC:  Starting parallel tasks... 
The  time is: 0.000130 
TACC:  Shutdown complete. Exiting. 
TACC:  Starting up job 9533185 
TACC:  Starting parallel tasks... 
The  time is: 0.000122 
TACC:  Shutdown complete. Exiting. 
TACC:  Starting up job 9533185 
TACC:  Starting parallel tasks... 
The  time is: 0.000142 
TACC:  Shutdown complete. Exiting. 
TACC:  Starting up job 9533185 
TACC:  Starting parallel tasks... 
The  time is: 0.000114 
TACC:  Shutdown complete. Exiting. 
TACC:  Starting up job 9533185 
TACC:  Starting parallel tasks... 
The  time is: 0.000114 
TACC:  Shutdown complete. Exiting. 
TACC:  Starting up job 9533185 
TACC:  Starting parallel tasks... 
The  time is: 0.000112 
TACC:  Shutdown complete. Exiting. 
TACC:  Starting up job 9533185 
TACC:  Starting parallel tasks... 
The  time is: 0.000138 
TACC:  Shutdown complete. Exiting. 
TACC:  Starting up job 9533185 
TACC:  Starting parallel tasks... 
The  time is: 0.000111 
TACC:  Shutdown complete. Exiting. 
TACC:  Starting up job 9533185 
TACC:  Starting parallel tasks... 
The  time is: 0.000120 
TACC:  Shutdown complete. Exiting. 
TACC:  Starting up job 9533185 
TACC:  Starting parallel tasks... 
The  time is: 0.000134 
TACC:  Shutdown complete. Exiting. 
TACC:  Starting up job 9533185 
TACC:  Starting parallel tasks... 
The  time is: 0.000114 
TACC:  Shutdown complete. Exiting. 
TACC:  Starting up job 9533185 
TACC:  Starting parallel tasks... 
The  time is: 0.000120 
TACC:  Shutdown complete. Exiting. 
TACC:  Starting up job 9533185 
TACC:  Starting parallel tasks... 
The  time is: 0.000113 
TACC:  Shutdown complete. Exiting. 
TACC:  Starting up job 9533185 
TACC:  Starting parallel tasks... 
The  time is: 0.000114 
TACC:  Shutdown complete. Exiting. 
TACC:  Starting up job 9533185 
TACC:  Starting parallel tasks... 
The  time is: 0.000104 
TACC:  Shutdown complete. Exiting. 
--------------------------
TACC:  Starting up job 9533185 
TACC:  Starting parallel tasks... 
The  time is: 0.000253 
TACC:  Shutdown complete. Exiting. 
TACC:  Starting up job 9533185 
TACC:  Starting parallel tasks... 
The  time is: 0.000267 
TACC:  Shutdown complete. Exiting. 
TACC:  Starting up job 9533185 
TACC:  Starting parallel tasks... 
The  time is: 0.000286 
TACC:  Shutdown complete. Exiting. 
TACC:  Starting up job 9533185 
TACC:  Starting parallel tasks... 
The  time is: 0.000318 
TACC:  Shutdown complete. Exiting. 
TACC:  Starting up job 9533185 
TACC:  Starting parallel tasks... 
The  time is: 0.000255 
TACC:  Shutdown complete. Exiting. 
TACC:  Starting up job 9533185 
TACC:  Starting parallel tasks... 
The  time is: 0.000262 
TACC:  Shutdown complete. Exiting. 
TACC:  Starting up job 9533185 
TACC:  Starting parallel tasks... 
The  time is: 0.000249 
TACC:  Shutdown complete. Exiting. 
TACC:  Starting up job 9533185 
TACC:  Starting parallel tasks... 
The  time is: 0.000260 
TACC:  Shutdown complete. Exiting. 
TACC:  Starting up job 9533185 
TACC:  Starting parallel tasks... 
The  time is: 0.000255 
TACC:  Shutdown complete. Exiting. 
TACC:  Starting up job 9533185 
TACC:  Starting parallel tasks... 
The  time is: 0.000253 
TACC:  Shutdown complete. Exiting. 
TACC:  Starting up job 9533185 
TACC:  Starting parallel tasks... 
The  time is: 0.000249 
TACC:  Shutdown complete. Exiting. 
TACC:  Starting up job 9533185 
TACC:  Starting parallel tasks... 
The  time is: 0.000265 
TACC:  Shutdown complete. Exiting. 
TACC:  Starting up job 9533185 
TACC:  Starting parallel tasks... 
The  time is: 0.000332 
TACC:  Shutdown complete. Exiting. 
TACC:  Starting up job 9533185 
TACC:  Starting parallel tasks... 
The  time is: 0.000286 
TACC:  Shutdown complete. Exiting. 
TACC:  Starting up job 9533185 
TACC:  Starting parallel tasks... 
The  time is: 0.000257 
TACC:  Shutdown complete. Exiting. 
TACC:  Starting up job 9533185 
TACC:  Starting parallel tasks... 
The  time is: 0.000293 
TACC:  Shutdown complete. Exiting. 
TACC:  Starting up job 9533185 
TACC:  Starting parallel tasks... 
The  time is: 0.000272 
TACC:  Shutdown complete. Exiting. 
TACC:  Starting up job 9533185 
TACC:  Starting parallel tasks... 
The  time is: 0.000311 
TACC:  Shutdown complete. Exiting. 
TACC:  Starting up job 9533185 
TACC:  Starting parallel tasks... 
The  time is: 0.000320 
TACC:  Shutdown complete. Exiting. 
TACC:  Starting up job 9533185 
TACC:  Starting parallel tasks... 
The  time is: 0.000301 
TACC:  Shutdown complete. Exiting. 
TACC:  Starting up job 9533185 
TACC:  Starting parallel tasks... 
The  time is: 0.000269 
TACC:  Shutdown complete. Exiting. 
TACC:  Starting up job 9533185 
TACC:  Starting parallel tasks... 
The  time is: 0.000331 
TACC:  Shutdown complete. Exiting. 
TACC:  Starting up job 9533185 
TACC:  Starting parallel tasks... 
The  time is: 0.000261 
TACC:  Shutdown complete. Exiting. 
TACC:  Starting up job 9533185 
TACC:  Starting parallel tasks... 
The  time is: 0.000257 
TACC:  Shutdown complete. Exiting. 
TACC:  Starting up job 9533185 
TACC:  Starting parallel tasks... 
The  time is: 0.000269 
TACC:  Shutdown complete. Exiting. 
TACC:  Starting up job 9533185 
TACC:  Starting parallel tasks... 
The  time is: 0.000289 
TACC:  Shutdown complete. Exiting. 
TACC:  Starting up job 9533185 
TACC:  Starting parallel tasks... 
The  time is: 0.000267 
TACC:  Shutdown complete. Exiting. 
TACC:  Starting up job 9533185 
TACC:  Starting parallel tasks... 
The  time is: 0.000288 
TACC:  Shutdown complete. Exiting. 
TACC:  Starting up job 9533185 
TACC:  Starting parallel tasks... 
The  time is: 0.000250 
TACC:  Shutdown complete. Exiting. 
TACC:  Starting up job 9533185 
TACC:  Starting parallel tasks... 
The  time is: 0.000283 
TACC:  Shutdown complete. Exiting. 
TACC:  Starting up job 9533185 
TACC:  Starting parallel tasks... 
The  time is: 0.000274 
TACC:  Shutdown complete. Exiting. 
TACC:  Starting up job 9533185 
TACC:  Starting parallel tasks... 
The  time is: 0.000256 
TACC:  Shutdown complete. Exiting. 
TACC:  Starting up job 9533185 
TACC:  Starting parallel tasks... 
The  time is: 0.000342 
TACC:  Shutdown complete. Exiting. 
TACC:  Starting up job 9533185 
TACC:  Starting parallel tasks... 
The  time is: 0.000280 
TACC:  Shutdown complete. Exiting. 
TACC:  Starting up job 9533185 
TACC:  Starting parallel tasks... 
The  time is: 0.000255 
TACC:  Shutdown complete. Exiting. 
TACC:  Starting up job 9533185 
TACC:  Starting parallel tasks... 
The  time is: 0.000264 
TACC:  Shutdown complete. Exiting. 
TACC:  Starting up job 9533185 
TACC:  Starting parallel tasks... 
The  time is: 0.000254 
TACC:  Shutdown complete. Exiting. 
TACC:  Starting up job 9533185 
TACC:  Starting parallel tasks... 
The  time is: 0.000259 
TACC:  Shutdown complete. Exiting. 
TACC:  Starting up job 9533185 
TACC:  Starting parallel tasks... 
The  time is: 0.000249 
TACC:  Shutdown complete. Exiting. 
TACC:  Starting up job 9533185 
TACC:  Starting parallel tasks... 
The  time is: 0.000250 
TACC:  Shutdown complete. Exiting. 
TACC:  Starting up job 9533185 
TACC:  Starting parallel tasks... 
The  time is: 0.000255 
TACC:  Shutdown complete. Exiting. 
TACC:  Starting up job 9533185 
TACC:  Starting parallel tasks... 
The  time is: 0.000249 
TACC:  Shutdown complete. Exiting. 
TACC:  Starting up job 9533185 
TACC:  Starting parallel tasks... 
The  time is: 0.000283 
TACC:  Shutdown complete. Exiting. 
TACC:  Starting up job 9533185 
TACC:  Starting parallel tasks... 
The  time is: 0.000262 
TACC:  Shutdown complete. Exiting. 
TACC:  Starting up job 9533185 
TACC:  Starting parallel tasks... 
The  time is: 0.000319 
TACC:  Shutdown complete. Exiting. 
TACC:  Starting up job 9533185 
TACC:  Starting parallel tasks... 
The  time is: 0.000260 
TACC:  Shutdown complete. Exiting. 
TACC:  Starting up job 9533185 
TACC:  Starting parallel tasks... 
The  time is: 0.000246 
TACC:  Shutdown complete. Exiting. 
TACC:  Starting up job 9533185 
TACC:  Starting parallel tasks... 
The  time is: 0.000298 
TACC:  Shutdown complete. Exiting. 
TACC:  Starting up job 9533185 
TACC:  Starting parallel tasks... 
The  time is: 0.000269 
TACC:  Shutdown complete. Exiting. 
TACC:  Starting up job 9533185 
TACC:  Starting parallel tasks... 
The  time is: 0.000237 
TACC:  Shutdown complete. Exiting. 
TACC:  Starting up job 9533185 
TACC:  Starting parallel tasks... 
The  time is: 0.000243 
TACC:  Shutdown complete. Exiting. 
TACC:  Starting up job 9533185 
TACC:  Starting parallel tasks... 
The  time is: 0.000323 
TACC:  Shutdown complete. Exiting. 
TACC:  Starting up job 9533185 
TACC:  Starting parallel tasks... 
The  time is: 0.000316 
TACC:  Shutdown complete. Exiting. 
TACC:  Starting up job 9533185 
TACC:  Starting parallel tasks... 
The  time is: 0.000255 
TACC:  Shutdown complete. Exiting. 
TACC:  Starting up job 9533185 
TACC:  Starting parallel tasks... 
The  time is: 0.000329 
TACC:  Shutdown complete. Exiting. 
TACC:  Starting up job 9533185 
TACC:  Starting parallel tasks... 
The  time is: 0.000257 
TACC:  Shutdown complete. Exiting. 
TACC:  Starting up job 9533185 
TACC:  Starting parallel tasks... 
The  time is: 0.000304 
TACC:  Shutdown complete. Exiting. 
TACC:  Starting up job 9533185 
TACC:  Starting parallel tasks... 
The  time is: 0.000232 
TACC:  Shutdown complete. Exiting. 
TACC:  Starting up job 9533185 
TACC:  Starting parallel tasks... 
The  time is: 0.000300 
TACC:  Shutdown complete. Exiting. 
TACC:  Starting up job 9533185 
TACC:  Starting parallel tasks... 
The  time is: 0.000256 
TACC:  Shutdown complete. Exiting. 
TACC:  Starting up job 9533185 
TACC:  Starting parallel tasks... 
The  time is: 0.000247 
TACC:  Shutdown complete. Exiting. 
TACC:  Starting up job 9533185 
TACC:  Starting parallel tasks... 
The  time is: 0.000235 
TACC:  Shutdown complete. Exiting. 
TACC:  Starting up job 9533185 
TACC:  Starting parallel tasks... 
The  time is: 0.000252 
TACC:  Shutdown complete. Exiting. 
TACC:  Starting up job 9533185 
TACC:  Starting parallel tasks... 
The  time is: 0.000302 
TACC:  Shutdown complete. Exiting. 
TACC:  Starting up job 9533185 
TACC:  Starting parallel tasks... 
The  time is: 0.000299 
TACC:  Shutdown complete. Exiting. 
TACC:  Starting up job 9533185 
TACC:  Starting parallel tasks... 
The  time is: 0.000302 
TACC:  Shutdown complete. Exiting. 
TACC:  Starting up job 9533185 
TACC:  Starting parallel tasks... 
The  time is: 0.000268 
TACC:  Shutdown complete. Exiting. 
TACC:  Starting up job 9533185 
TACC:  Starting parallel tasks... 
The  time is: 0.000256 
TACC:  Shutdown complete. Exiting. 
TACC:  Starting up job 9533185 
TACC:  Starting parallel tasks... 
The  time is: 0.000262 
TACC:  Shutdown complete. Exiting. 
TACC:  Starting up job 9533185 
TACC:  Starting parallel tasks... 
The  time is: 0.000276 
TACC:  Shutdown complete. Exiting. 
TACC:  Starting up job 9533185 
TACC:  Starting parallel tasks... 
The  time is: 0.000258 
TACC:  Shutdown complete. Exiting. 
TACC:  Starting up job 9533185 
TACC:  Starting parallel tasks... 
The  time is: 0.000247 
TACC:  Shutdown complete. Exiting. 
TACC:  Starting up job 9533185 
TACC:  Starting parallel tasks... 
The  time is: 0.000310 
TACC:  Shutdown complete. Exiting. 
TACC:  Starting up job 9533185 
TACC:  Starting parallel tasks... 
The  time is: 0.000250 
TACC:  Shutdown complete. Exiting. 
TACC:  Starting up job 9533185 
TACC:  Starting parallel tasks... 
The  time is: 0.000249 
TACC:  Shutdown complete. Exiting. 
TACC:  Starting up job 9533185 
TACC:  Starting parallel tasks... 
The  time is: 0.000309 
TACC:  Shutdown complete. Exiting. 
TACC:  Starting up job 9533185 
TACC:  Starting parallel tasks... 
The  time is: 0.000240 
TACC:  Shutdown complete. Exiting. 
TACC:  Starting up job 9533185 
TACC:  Starting parallel tasks... 
The  time is: 0.000326 
TACC:  Shutdown complete. Exiting. 
TACC:  Starting up job 9533185 
TACC:  Starting parallel tasks... 
The  time is: 0.000262 
TACC:  Shutdown complete. Exiting. 
TACC:  Starting up job 9533185 
TACC:  Starting parallel tasks... 
The  time is: 0.000307 
TACC:  Shutdown complete. Exiting. 
TACC:  Starting up job 9533185 
TACC:  Starting parallel tasks... 
The  time is: 0.000263 
TACC:  Shutdown complete. Exiting. 
TACC:  Starting up job 9533185 
TACC:  Starting parallel tasks... 
The  time is: 0.000304 
TACC:  Shutdown complete. Exiting. 
TACC:  Starting up job 9533185 
TACC:  Starting parallel tasks... 
The  time is: 0.000268 
TACC:  Shutdown complete. Exiting. 
TACC:  Starting up job 9533185 
TACC:  Starting parallel tasks... 
The  time is: 0.000263 
TACC:  Shutdown complete. Exiting. 
TACC:  Starting up job 9533185 
TACC:  Starting parallel tasks... 
The  time is: 0.000266 
TACC:  Shutdown complete. Exiting. 
TACC:  Starting up job 9533185 
TACC:  Starting parallel tasks... 
The  time is: 0.000256 
TACC:  Shutdown complete. Exiting. 
TACC:  Starting up job 9533185 
TACC:  Starting parallel tasks... 
The  time is: 0.000267 
TACC:  Shutdown complete. Exiting. 
TACC:  Starting up job 9533185 
TACC:  Starting parallel tasks... 
The  time is: 0.000325 
TACC:  Shutdown complete. Exiting. 
TACC:  Starting up job 9533185 
TACC:  Starting parallel tasks... 
The  time is: 0.000320 
TACC:  Shutdown complete. Exiting. 
TACC:  Starting up job 9533185 
TACC:  Starting parallel tasks... 
The  time is: 0.000254 
TACC:  Shutdown complete. Exiting. 
TACC:  Starting up job 9533185 
TACC:  Starting parallel tasks... 
The  time is: 0.000251 
TACC:  Shutdown complete. Exiting. 
TACC:  Starting up job 9533185 
TACC:  Starting parallel tasks... 
The  time is: 0.000259 
TACC:  Shutdown complete. Exiting. 
TACC:  Starting up job 9533185 
TACC:  Starting parallel tasks... 
The  time is: 0.000261 
TACC:  Shutdown complete. Exiting. 
TACC:  Starting up job 9533185 
TACC:  Starting parallel tasks... 
The  time is: 0.000330 
TACC:  Shutdown complete. Exiting. 
TACC:  Starting up job 9533185 
TACC:  Starting parallel tasks... 
The  time is: 0.000265 
TACC:  Shutdown complete. Exiting. 
TACC:  Starting up job 9533185 
TACC:  Starting parallel tasks... 
The  time is: 0.000256 
TACC:  Shutdown complete. Exiting. 
TACC:  Starting up job 9533185 
TACC:  Starting parallel tasks... 
The  time is: 0.000267 
TACC:  Shutdown complete. Exiting. 
TACC:  Starting up job 9533185 
TACC:  Starting parallel tasks... 
The  time is: 0.000260 
TACC:  Shutdown complete. Exiting. 
TACC:  Starting up job 9533185 
TACC:  Starting parallel tasks... 
The  time is: 0.000253 
TACC:  Shutdown complete. Exiting. 
TACC:  Starting up job 9533185 
TACC:  Starting parallel tasks... 
The  time is: 0.000253 
TACC:  Shutdown complete. Exiting. 
--------------------------
TACC:  Starting up job 9533185 
TACC:  Starting parallel tasks... 
The  time is: 0.000509 
TACC:  Shutdown complete. Exiting. 
TACC:  Starting up job 9533185 
TACC:  Starting parallel tasks... 
The  time is: 0.000506 
TACC:  Shutdown complete. Exiting. 
TACC:  Starting up job 9533185 
TACC:  Starting parallel tasks... 
The  time is: 0.000588 
TACC:  Shutdown complete. Exiting. 
TACC:  Starting up job 9533185 
TACC:  Starting parallel tasks... 
The  time is: 0.000557 
TACC:  Shutdown complete. Exiting. 
TACC:  Starting up job 9533185 
TACC:  Starting parallel tasks... 
The  time is: 0.000507 
TACC:  Shutdown complete. Exiting. 
TACC:  Starting up job 9533185 
TACC:  Starting parallel tasks... 
The  time is: 0.000583 
TACC:  Shutdown complete. Exiting. 
TACC:  Starting up job 9533185 
TACC:  Starting parallel tasks... 
The  time is: 0.000513 
TACC:  Shutdown complete. Exiting. 
TACC:  Starting up job 9533185 
TACC:  Starting parallel tasks... 
The  time is: 0.000514 
TACC:  Shutdown complete. Exiting. 
TACC:  Starting up job 9533185 
TACC:  Starting parallel tasks... 
The  time is: 0.000540 
TACC:  Shutdown complete. Exiting. 
TACC:  Starting up job 9533185 
TACC:  Starting parallel tasks... 
The  time is: 0.000561 
TACC:  Shutdown complete. Exiting. 
TACC:  Starting up job 9533185 
TACC:  Starting parallel tasks... 
The  time is: 0.000514 
TACC:  Shutdown complete. Exiting. 
TACC:  Starting up job 9533185 
TACC:  Starting parallel tasks... 
The  time is: 0.000587 
TACC:  Shutdown complete. Exiting. 
TACC:  Starting up job 9533185 
TACC:  Starting parallel tasks... 
The  time is: 0.000538 
TACC:  Shutdown complete. Exiting. 
TACC:  Starting up job 9533185 
TACC:  Starting parallel tasks... 
The  time is: 0.000585 
TACC:  Shutdown complete. Exiting. 
TACC:  Starting up job 9533185 
TACC:  Starting parallel tasks... 
The  time is: 0.000516 
TACC:  Shutdown complete. Exiting. 
TACC:  Starting up job 9533185 
TACC:  Starting parallel tasks... 
The  time is: 0.000524 
TACC:  Shutdown complete. Exiting. 
TACC:  Starting up job 9533185 
TACC:  Starting parallel tasks... 
The  time is: 0.000480 
TACC:  Shutdown complete. Exiting. 
TACC:  Starting up job 9533185 
TACC:  Starting parallel tasks... 
The  time is: 0.000510 
TACC:  Shutdown complete. Exiting. 
TACC:  Starting up job 9533185 
TACC:  Starting parallel tasks... 
The  time is: 0.000504 
TACC:  Shutdown complete. Exiting. 
TACC:  Starting up job 9533185 
TACC:  Starting parallel tasks... 
The  time is: 0.000512 
TACC:  Shutdown complete. Exiting. 
TACC:  Starting up job 9533185 
TACC:  Starting parallel tasks... 
The  time is: 0.000520 
TACC:  Shutdown complete. Exiting. 
TACC:  Starting up job 9533185 
TACC:  Starting parallel tasks... 
The  time is: 0.000542 
TACC:  Shutdown complete. Exiting. 
TACC:  Starting up job 9533185 
TACC:  Starting parallel tasks... 
The  time is: 0.000484 
TACC:  Shutdown complete. Exiting. 
TACC:  Starting up job 9533185 
TACC:  Starting parallel tasks... 
The  time is: 0.000479 
TACC:  Shutdown complete. Exiting. 
TACC:  Starting up job 9533185 
TACC:  Starting parallel tasks... 
The  time is: 0.000561 
TACC:  Shutdown complete. Exiting. 
TACC:  Starting up job 9533185 
TACC:  Starting parallel tasks... 
The  time is: 0.000588 
TACC:  Shutdown complete. Exiting. 
TACC:  Starting up job 9533185 
TACC:  Starting parallel tasks... 
The  time is: 0.000508 
TACC:  Shutdown complete. Exiting. 
TACC:  Starting up job 9533185 
TACC:  Starting parallel tasks... 
The  time is: 0.000498 
TACC:  Shutdown complete. Exiting. 
TACC:  Starting up job 9533185 
TACC:  Starting parallel tasks... 
The  time is: 0.000559 
TACC:  Shutdown complete. Exiting. 
TACC:  Starting up job 9533185 
TACC:  Starting parallel tasks... 
The  time is: 0.000562 
TACC:  Shutdown complete. Exiting. 
TACC:  Starting up job 9533185 
TACC:  Starting parallel tasks... 
The  time is: 0.000537 
TACC:  Shutdown complete. Exiting. 
TACC:  Starting up job 9533185 
TACC:  Starting parallel tasks... 
The  time is: 0.000575 
TACC:  Shutdown complete. Exiting. 
TACC:  Starting up job 9533185 
TACC:  Starting parallel tasks... 
The  time is: 0.000505 
TACC:  Shutdown complete. Exiting. 
TACC:  Starting up job 9533185 
TACC:  Starting parallel tasks... 
The  time is: 0.000588 
TACC:  Shutdown complete. Exiting. 
TACC:  Starting up job 9533185 
TACC:  Starting parallel tasks... 
The  time is: 0.000633 
TACC:  Shutdown complete. Exiting. 
TACC:  Starting up job 9533185 
TACC:  Starting parallel tasks... 
The  time is: 0.000557 
TACC:  Shutdown complete. Exiting. 
TACC:  Starting up job 9533185 
TACC:  Starting parallel tasks... 
The  time is: 0.000556 
TACC:  Shutdown complete. Exiting. 
TACC:  Starting up job 9533185 
TACC:  Starting parallel tasks... 
The  time is: 0.000525 
TACC:  Shutdown complete. Exiting. 
TACC:  Starting up job 9533185 
TACC:  Starting parallel tasks... 
The  time is: 0.000501 
TACC:  Shutdown complete. Exiting. 
TACC:  Starting up job 9533185 
TACC:  Starting parallel tasks... 
The  time is: 0.000539 
TACC:  Shutdown complete. Exiting. 
TACC:  Starting up job 9533185 
TACC:  Starting parallel tasks... 
The  time is: 0.000530 
TACC:  Shutdown complete. Exiting. 
TACC:  Starting up job 9533185 
TACC:  Starting parallel tasks... 
The  time is: 0.000558 
TACC:  Shutdown complete. Exiting. 
TACC:  Starting up job 9533185 
TACC:  Starting parallel tasks... 
The  time is: 0.000530 
TACC:  Shutdown complete. Exiting. 
TACC:  Starting up job 9533185 
TACC:  Starting parallel tasks... 
The  time is: 0.000519 
TACC:  Shutdown complete. Exiting. 
TACC:  Starting up job 9533185 
TACC:  Starting parallel tasks... 
The  time is: 0.000522 
TACC:  Shutdown complete. Exiting. 
TACC:  Starting up job 9533185 
TACC:  Starting parallel tasks... 
The  time is: 0.000552 
TACC:  Shutdown complete. Exiting. 
TACC:  Starting up job 9533185 
TACC:  Starting parallel tasks... 
The  time is: 0.000496 
TACC:  Shutdown complete. Exiting. 
TACC:  Starting up job 9533185 
TACC:  Starting parallel tasks... 
The  time is: 0.000590 
TACC:  Shutdown complete. Exiting. 
TACC:  Starting up job 9533185 
TACC:  Starting parallel tasks... 
The  time is: 0.000540 
TACC:  Shutdown complete. Exiting. 
TACC:  Starting up job 9533185 
TACC:  Starting parallel tasks... 
The  time is: 0.000516 
TACC:  Shutdown complete. Exiting. 
TACC:  Starting up job 9533185 
TACC:  Starting parallel tasks... 
The  time is: 0.000502 
TACC:  Shutdown complete. Exiting. 
TACC:  Starting up job 9533185 
TACC:  Starting parallel tasks... 
The  time is: 0.000533 
TACC:  Shutdown complete. Exiting. 
TACC:  Starting up job 9533185 
TACC:  Starting parallel tasks... 
The  time is: 0.000516 
TACC:  Shutdown complete. Exiting. 
TACC:  Starting up job 9533185 
TACC:  Starting parallel tasks... 
The  time is: 0.000546 
TACC:  Shutdown complete. Exiting. 
TACC:  Starting up job 9533185 
TACC:  Starting parallel tasks... 
The  time is: 0.000519 
TACC:  Shutdown complete. Exiting. 
TACC:  Starting up job 9533185 
TACC:  Starting parallel tasks... 
The  time is: 0.000522 
TACC:  Shutdown complete. Exiting. 
TACC:  Starting up job 9533185 
TACC:  Starting parallel tasks... 
The  time is: 0.000512 
TACC:  Shutdown complete. Exiting. 
TACC:  Starting up job 9533185 
TACC:  Starting parallel tasks... 
The  time is: 0.000530 
TACC:  Shutdown complete. Exiting. 
TACC:  Starting up job 9533185 
TACC:  Starting parallel tasks... 
The  time is: 0.000512 
TACC:  Shutdown complete. Exiting. 
TACC:  Starting up job 9533185 
TACC:  Starting parallel tasks... 
The  time is: 0.000555 
TACC:  Shutdown complete. Exiting. 
TACC:  Starting up job 9533185 
TACC:  Starting parallel tasks... 
The  time is: 0.000561 
TACC:  Shutdown complete. Exiting. 
TACC:  Starting up job 9533185 
TACC:  Starting parallel tasks... 
The  time is: 0.000508 
TACC:  Shutdown complete. Exiting. 
TACC:  Starting up job 9533185 
TACC:  Starting parallel tasks... 
The  time is: 0.000616 
TACC:  Shutdown complete. Exiting. 
TACC:  Starting up job 9533185 
TACC:  Starting parallel tasks... 
The  time is: 0.000504 
TACC:  Shutdown complete. Exiting. 
TACC:  Starting up job 9533185 
TACC:  Starting parallel tasks... 
The  time is: 0.000496 
TACC:  Shutdown complete. Exiting. 
TACC:  Starting up job 9533185 
TACC:  Starting parallel tasks... 
The  time is: 0.000495 
TACC:  Shutdown complete. Exiting. 
TACC:  Starting up job 9533185 
TACC:  Starting parallel tasks... 
The  time is: 0.000521 
TACC:  Shutdown complete. Exiting. 
TACC:  Starting up job 9533185 
TACC:  Starting parallel tasks... 
The  time is: 0.000505 
TACC:  Shutdown complete. Exiting. 
TACC:  Starting up job 9533185 
TACC:  Starting parallel tasks... 
The  time is: 0.000589 
TACC:  Shutdown complete. Exiting. 
TACC:  Starting up job 9533185 
TACC:  Starting parallel tasks... 
The  time is: 0.000525 
TACC:  Shutdown complete. Exiting. 
TACC:  Starting up job 9533185 
TACC:  Starting parallel tasks... 
The  time is: 0.000525 
TACC:  Shutdown complete. Exiting. 
TACC:  Starting up job 9533185 
TACC:  Starting parallel tasks... 
The  time is: 0.000586 
TACC:  Shutdown complete. Exiting. 
TACC:  Starting up job 9533185 
TACC:  Starting parallel tasks... 
The  time is: 0.000545 
TACC:  Shutdown complete. Exiting. 
TACC:  Starting up job 9533185 
TACC:  Starting parallel tasks... 
The  time is: 0.000583 
TACC:  Shutdown complete. Exiting. 
TACC:  Starting up job 9533185 
TACC:  Starting parallel tasks... 
The  time is: 0.000515 
TACC:  Shutdown complete. Exiting. 
TACC:  Starting up job 9533185 
TACC:  Starting parallel tasks... 
The  time is: 0.000529 
TACC:  Shutdown complete. Exiting. 
TACC:  Starting up job 9533185 
TACC:  Starting parallel tasks... 
The  time is: 0.000587 
TACC:  Shutdown complete. Exiting. 
TACC:  Starting up job 9533185 
TACC:  Starting parallel tasks... 
The  time is: 0.000662 
TACC:  Shutdown complete. Exiting. 
TACC:  Starting up job 9533185 
TACC:  Starting parallel tasks... 
The  time is: 0.000652 
TACC:  Shutdown complete. Exiting. 
TACC:  Starting up job 9533185 
TACC:  Starting parallel tasks... 
The  time is: 0.000555 
TACC:  Shutdown complete. Exiting. 
TACC:  Starting up job 9533185 
TACC:  Starting parallel tasks... 
The  time is: 0.000640 
TACC:  Shutdown complete. Exiting. 
TACC:  Starting up job 9533185 
TACC:  Starting parallel tasks... 
The  time is: 0.000529 
TACC:  Shutdown complete. Exiting. 
TACC:  Starting up job 9533185 
TACC:  Starting parallel tasks... 
The  time is: 0.000526 
TACC:  Shutdown complete. Exiting. 
TACC:  Starting up job 9533185 
TACC:  Starting parallel tasks... 
The  time is: 0.000511 
TACC:  Shutdown complete. Exiting. 
TACC:  Starting up job 9533185 
TACC:  Starting parallel tasks... 
The  time is: 0.000515 
TACC:  Shutdown complete. Exiting. 
TACC:  Starting up job 9533185 
TACC:  Starting parallel tasks... 
The  time is: 0.000529 
TACC:  Shutdown complete. Exiting. 
TACC:  Starting up job 9533185 
TACC:  Starting parallel tasks... 
The  time is: 0.000542 
TACC:  Shutdown complete. Exiting. 
TACC:  Starting up job 9533185 
TACC:  Starting parallel tasks... 
The  time is: 0.000562 
TACC:  Shutdown complete. Exiting. 
TACC:  Starting up job 9533185 
TACC:  Starting parallel tasks... 
The  time is: 0.000514 
TACC:  Shutdown complete. Exiting. 
TACC:  Starting up job 9533185 
TACC:  Starting parallel tasks... 
The  time is: 0.000549 
TACC:  Shutdown complete. Exiting. 
TACC:  Starting up job 9533185 
TACC:  Starting parallel tasks... 
The  time is: 0.000523 
TACC:  Shutdown complete. Exiting. 
TACC:  Starting up job 9533185 
TACC:  Starting parallel tasks... 
The  time is: 0.000517 
TACC:  Shutdown complete. Exiting. 
TACC:  Starting up job 9533185 
TACC:  Starting parallel tasks... 
The  time is: 0.000594 
TACC:  Shutdown complete. Exiting. 
TACC:  Starting up job 9533185 
TACC:  Starting parallel tasks... 
The  time is: 0.000540 
TACC:  Shutdown complete. Exiting. 
TACC:  Starting up job 9533185 
TACC:  Starting parallel tasks... 
The  time is: 0.000517 
TACC:  Shutdown complete. Exiting. 
TACC:  Starting up job 9533185 
TACC:  Starting parallel tasks... 
The  time is: 0.000515 
TACC:  Shutdown complete. Exiting. 
TACC:  Starting up job 9533185 
TACC:  Starting parallel tasks... 
The  time is: 0.000528 
TACC:  Shutdown complete. Exiting. 
TACC:  Starting up job 9533185 
TACC:  Starting parallel tasks... 
The  time is: 0.000546 
TACC:  Shutdown complete. Exiting. 
TACC:  Starting up job 9533185 
TACC:  Starting parallel tasks... 
The  time is: 0.000552 
TACC:  Shutdown complete. Exiting. 
TACC:  Starting up job 9533185 
TACC:  Starting parallel tasks... 
The  time is: 0.000550 
TACC:  Shutdown complete. Exiting. 
